{"uid":"5693070909efcebe","name":"userCannotDepositMoney(Float, String) [3] 5000.01, Deposit amount exceeds the 5000 limit","fullName":"api.DepositMoneyApiTest.userCannotDepositMoney","historyId":"207e8455582efb776fafd29a369df8ad","time":{"start":1760304382166,"stop":1760304385540,"duration":3374},"description":"","status":"failed","statusMessage":"2 expectations failed.\nExpected status code <400> but was <200>.\n\nResponse body doesn't match expectation.\nExpected: \"Deposit amount exceeds the 5000 limit\"\n  Actual: {\"id\":16,\"accountNumber\":\"ACC16\",\"balance\":5000.01,\"transactions\":[{\"id\":15,\"amount\":5000.01,\"type\":\"DEPOSIT\",\"timestamp\":\"Sun Oct 12 21:26:25 UTC 2025\",\"relatedAccountId\":16}]}\n","statusTrace":"java.lang.AssertionError: 2 expectations failed.\nExpected status code <400> but was <200>.\n\nResponse body doesn't match expectation.\nExpected: \"Deposit amount exceeds the 5000 limit\"\n  Actual: {\"id\":16,\"accountNumber\":\"ACC16\",\"balance\":5000.01,\"transactions\":[{\"id\":15,\"amount\":5000.01,\"type\":\"DEPOSIT\",\"timestamp\":\"Sun Oct 12 21:26:25 UTC 2025\",\"relatedAccountId\":16}]}\n\n\tat java.base/jdk.internal.reflect.DirectConstructorHandleAccessor.newInstance(DirectConstructorHandleAccessor.java:62)\n\tat java.base/java.lang.reflect.Constructor.newInstanceWithCaller(Constructor.java:502)\n\tat java.base/java.lang.reflect.Constructor.newInstance(Constructor.java:486)\n\tat org.codehaus.groovy.reflection.CachedConstructor.invoke(CachedConstructor.java:73)\n\tat org.codehaus.groovy.runtime.callsite.ConstructorSite$ConstructorSiteNoUnwrapNoCoerce.callConstructor(ConstructorSite.java:108)\n\tat org.codehaus.groovy.runtime.callsite.AbstractCallSite.callConstructor(AbstractCallSite.java:277)\n\tat io.restassured.internal.ResponseSpecificationImpl$HamcrestAssertionClosure.validate(ResponseSpecificationImpl.groovy:512)\n\tat io.restassured.internal.ResponseSpecificationImpl$HamcrestAssertionClosure$validate$5.call(Unknown Source)\n\tat io.restassured.internal.ResponseSpecificationImpl.validate(ResponseSpecificationImpl.groovy:101)\n\tat io.restassured.internal.ValidatableResponseOptionsImpl.spec(ValidatableResponseOptionsImpl.java:288)\n\tat api.requests.skeleton.requesters.CrudRequester.lambda$post$0(CrudRequester.java:72)\n\tat common.helper.StepLogger.lambda$log$0(StepLogger.java:17)\n\tat io.qameta.allure.Allure.lambda$step$1(Allure.java:127)\n\tat io.qameta.allure.Allure.step(Allure.java:181)\n\tat io.qameta.allure.Allure.step(Allure.java:125)\n\tat common.helper.StepLogger.log(StepLogger.java:17)\n\tat api.requests.skeleton.requesters.CrudRequester.post(CrudRequester.java:62)\n\tat api.DepositMoneyApiTest.userCannotDepositMoney(DepositMoneyApiTest.java:109)\n\tat java.base/java.lang.reflect.Method.invoke(Method.java:580)\n\tat java.base/java.util.concurrent.RecursiveAction.exec(RecursiveAction.java:194)\n\tat java.base/java.util.concurrent.ForkJoinTask.doExec(ForkJoinTask.java:387)\n\tat java.base/java.util.concurrent.ForkJoinPool.helpJoin(ForkJoinPool.java:2076)\n\tat java.base/java.util.concurrent.ForkJoinTask.awaitDone(ForkJoinTask.java:423)\n\tat java.base/java.util.concurrent.ForkJoinTask.get(ForkJoinTask.java:991)\n\tat java.base/java.util.concurrent.RecursiveAction.exec(RecursiveAction.java:194)\n\tat java.base/java.util.concurrent.ForkJoinTask.doExec(ForkJoinTask.java:387)\n\tat java.base/java.util.concurrent.ForkJoinPool$WorkQueue.topLevelExec(ForkJoinPool.java:1312)\n\tat java.base/java.util.concurrent.ForkJoinPool.scan(ForkJoinPool.java:1843)\n\tat java.base/java.util.concurrent.ForkJoinPool.runWorker(ForkJoinPool.java:1808)\n\tat java.base/java.util.concurrent.ForkJoinWorkerThread.run(ForkJoinWorkerThread.java:188)\n","flaky":true,"newFailed":false,"newBroken":false,"newPassed":false,"retriesCount":0,"retriesStatusChange":false,"beforeStages":[],"testStage":{"description":"","status":"failed","statusMessage":"2 expectations failed.\nExpected status code <400> but was <200>.\n\nResponse body doesn't match expectation.\nExpected: \"Deposit amount exceeds the 5000 limit\"\n  Actual: {\"id\":16,\"accountNumber\":\"ACC16\",\"balance\":5000.01,\"transactions\":[{\"id\":15,\"amount\":5000.01,\"type\":\"DEPOSIT\",\"timestamp\":\"Sun Oct 12 21:26:25 UTC 2025\",\"relatedAccountId\":16}]}\n","statusTrace":"java.lang.AssertionError: 2 expectations failed.\nExpected status code <400> but was <200>.\n\nResponse body doesn't match expectation.\nExpected: \"Deposit amount exceeds the 5000 limit\"\n  Actual: {\"id\":16,\"accountNumber\":\"ACC16\",\"balance\":5000.01,\"transactions\":[{\"id\":15,\"amount\":5000.01,\"type\":\"DEPOSIT\",\"timestamp\":\"Sun Oct 12 21:26:25 UTC 2025\",\"relatedAccountId\":16}]}\n\n\tat java.base/jdk.internal.reflect.DirectConstructorHandleAccessor.newInstance(DirectConstructorHandleAccessor.java:62)\n\tat java.base/java.lang.reflect.Constructor.newInstanceWithCaller(Constructor.java:502)\n\tat java.base/java.lang.reflect.Constructor.newInstance(Constructor.java:486)\n\tat org.codehaus.groovy.reflection.CachedConstructor.invoke(CachedConstructor.java:73)\n\tat org.codehaus.groovy.runtime.callsite.ConstructorSite$ConstructorSiteNoUnwrapNoCoerce.callConstructor(ConstructorSite.java:108)\n\tat org.codehaus.groovy.runtime.callsite.AbstractCallSite.callConstructor(AbstractCallSite.java:277)\n\tat io.restassured.internal.ResponseSpecificationImpl$HamcrestAssertionClosure.validate(ResponseSpecificationImpl.groovy:512)\n\tat io.restassured.internal.ResponseSpecificationImpl$HamcrestAssertionClosure$validate$5.call(Unknown Source)\n\tat io.restassured.internal.ResponseSpecificationImpl.validate(ResponseSpecificationImpl.groovy:101)\n\tat io.restassured.internal.ValidatableResponseOptionsImpl.spec(ValidatableResponseOptionsImpl.java:288)\n\tat api.requests.skeleton.requesters.CrudRequester.lambda$post$0(CrudRequester.java:72)\n\tat common.helper.StepLogger.lambda$log$0(StepLogger.java:17)\n\tat io.qameta.allure.Allure.lambda$step$1(Allure.java:127)\n\tat io.qameta.allure.Allure.step(Allure.java:181)\n\tat io.qameta.allure.Allure.step(Allure.java:125)\n\tat common.helper.StepLogger.log(StepLogger.java:17)\n\tat api.requests.skeleton.requesters.CrudRequester.post(CrudRequester.java:62)\n\tat api.DepositMoneyApiTest.userCannotDepositMoney(DepositMoneyApiTest.java:109)\n\tat java.base/java.lang.reflect.Method.invoke(Method.java:580)\n\tat java.base/java.util.concurrent.RecursiveAction.exec(RecursiveAction.java:194)\n\tat java.base/java.util.concurrent.ForkJoinTask.doExec(ForkJoinTask.java:387)\n\tat java.base/java.util.concurrent.ForkJoinPool.helpJoin(ForkJoinPool.java:2076)\n\tat java.base/java.util.concurrent.ForkJoinTask.awaitDone(ForkJoinTask.java:423)\n\tat java.base/java.util.concurrent.ForkJoinTask.get(ForkJoinTask.java:991)\n\tat java.base/java.util.concurrent.RecursiveAction.exec(RecursiveAction.java:194)\n\tat java.base/java.util.concurrent.ForkJoinTask.doExec(ForkJoinTask.java:387)\n\tat java.base/java.util.concurrent.ForkJoinPool$WorkQueue.topLevelExec(ForkJoinPool.java:1312)\n\tat java.base/java.util.concurrent.ForkJoinPool.scan(ForkJoinPool.java:1843)\n\tat java.base/java.util.concurrent.ForkJoinPool.runWorker(ForkJoinPool.java:1808)\n\tat java.base/java.util.concurrent.ForkJoinWorkerThread.run(ForkJoinWorkerThread.java:188)\n","steps":[{"name":"Admin creates user OPWwOCCr","time":{"start":1760304382180,"stop":1760304383781,"duration":1601},"status":"passed","steps":[{"name":"POST запрос на/admin/users","time":{"start":1760304382184,"stop":1760304383774,"duration":1590},"status":"passed","steps":[],"attachments":[{"uid":"7911f34131fe3164","name":"Request","source":"7911f34131fe3164.html","type":"text/html","size":1017},{"uid":"20ff33fa61a7a3a0","name":"HTTP/1.1 201 ","source":"20ff33fa61a7a3a0.html","type":"text/html","size":1064}],"parameters":[],"shouldDisplayMessage":false,"stepsCount":0,"attachmentsCount":2,"hasContent":true}],"attachments":[],"parameters":[],"shouldDisplayMessage":false,"stepsCount":1,"attachmentsCount":2,"hasContent":true},{"name":"POST запрос на/auth/login","time":{"start":1760304383784,"stop":1760304384482,"duration":698},"status":"passed","steps":[],"attachments":[{"uid":"81c3f02e61907963","name":"Request","source":"81c3f02e61907963.html","type":"text/html","size":823},{"uid":"598b5e75d47f8c4b","name":"HTTP/1.1 200 ","source":"598b5e75d47f8c4b.html","type":"text/html","size":868}],"parameters":[],"shouldDisplayMessage":false,"stepsCount":0,"attachmentsCount":2,"hasContent":true},{"name":"POST запрос на/accounts","time":{"start":1760304384483,"stop":1760304385134,"duration":651},"status":"passed","steps":[],"attachments":[{"uid":"c0b1698dd4ffc88f","name":"Request","source":"c0b1698dd4ffc88f.html","type":"text/html","size":648},{"uid":"702d67c002d4c6af","name":"HTTP/1.1 201 ","source":"702d67c002d4c6af.html","type":"text/html","size":859}],"parameters":[],"shouldDisplayMessage":false,"stepsCount":0,"attachmentsCount":2,"hasContent":true},{"name":"POST запрос на/accounts/deposit","time":{"start":1760304385138,"stop":1760304385527,"duration":389},"status":"failed","statusMessage":"2 expectations failed.\nExpected status code <400> but was <200>.\n\nResponse body doesn't match expectation.\nExpected: \"Deposit amount exceeds the 5000 limit\"\n  Actual: {\"id\":16,\"accountNumber\":\"ACC16\",\"balance\":5000.01,\"transactions\":[{\"id\":15,\"amount\":5000.01,\"type\":\"DEPOSIT\",\"timestamp\":\"Sun Oct 12 21:26:25 UTC 2025\",\"relatedAccountId\":16}]}\n","statusTrace":"java.lang.AssertionError: 2 expectations failed.\nExpected status code <400> but was <200>.\n\nResponse body doesn't match expectation.\nExpected: \"Deposit amount exceeds the 5000 limit\"\n  Actual: {\"id\":16,\"accountNumber\":\"ACC16\",\"balance\":5000.01,\"transactions\":[{\"id\":15,\"amount\":5000.01,\"type\":\"DEPOSIT\",\"timestamp\":\"Sun Oct 12 21:26:25 UTC 2025\",\"relatedAccountId\":16}]}\n\n\tat java.base/jdk.internal.reflect.DirectConstructorHandleAccessor.newInstance(DirectConstructorHandleAccessor.java:62)\n\tat java.base/java.lang.reflect.Constructor.newInstanceWithCaller(Constructor.java:502)\n\tat java.base/java.lang.reflect.Constructor.newInstance(Constructor.java:486)\n\tat org.codehaus.groovy.reflection.CachedConstructor.invoke(CachedConstructor.java:73)\n\tat org.codehaus.groovy.runtime.callsite.ConstructorSite$ConstructorSiteNoUnwrapNoCoerce.callConstructor(ConstructorSite.java:108)\n\tat org.codehaus.groovy.runtime.callsite.AbstractCallSite.callConstructor(AbstractCallSite.java:277)\n\tat io.restassured.internal.ResponseSpecificationImpl$HamcrestAssertionClosure.validate(ResponseSpecificationImpl.groovy:512)\n\tat io.restassured.internal.ResponseSpecificationImpl$HamcrestAssertionClosure$validate$5.call(Unknown Source)\n\tat io.restassured.internal.ResponseSpecificationImpl.validate(ResponseSpecificationImpl.groovy:101)\n\tat io.restassured.internal.ValidatableResponseOptionsImpl.spec(ValidatableResponseOptionsImpl.java:288)\n\tat api.requests.skeleton.requesters.CrudRequester.lambda$post$0(CrudRequester.java:72)\n\tat common.helper.StepLogger.lambda$log$0(StepLogger.java:17)\n\tat io.qameta.allure.Allure.lambda$step$1(Allure.java:127)\n\tat io.qameta.allure.Allure.step(Allure.java:181)\n\tat io.qameta.allure.Allure.step(Allure.java:125)\n\tat common.helper.StepLogger.log(StepLogger.java:17)\n\tat api.requests.skeleton.requesters.CrudRequester.post(CrudRequester.java:62)\n\tat api.DepositMoneyApiTest.userCannotDepositMoney(DepositMoneyApiTest.java:109)\n\tat java.base/jdk.internal.reflect.DirectMethodHandleAccessor.invoke(DirectMethodHandleAccessor.java:103)\n\tat java.base/java.lang.reflect.Method.invoke(Method.java:580)\n\tat org.junit.platform.commons.util.ReflectionUtils.invokeMethod(ReflectionUtils.java:728)\n\tat org.junit.jupiter.engine.execution.MethodInvocation.proceed(MethodInvocation.java:60)\n\tat org.junit.jupiter.engine.execution.InvocationInterceptorChain$ValidatingInvocation.proceed(InvocationInterceptorChain.java:131)\n\tat org.junit.jupiter.engine.extension.TimeoutExtension.intercept(TimeoutExtension.java:156)\n\tat org.junit.jupiter.engine.extension.TimeoutExtension.interceptTestableMethod(TimeoutExtension.java:147)\n\tat org.junit.jupiter.engine.extension.TimeoutExtension.interceptTestTemplateMethod(TimeoutExtension.java:94)\n\tat org.junit.jupiter.engine.execution.InterceptingExecutableInvoker$ReflectiveInterceptorCall.lambda$ofVoidMethod$0(InterceptingExecutableInvoker.java:103)\n\tat org.junit.jupiter.engine.execution.InterceptingExecutableInvoker.lambda$invoke$0(InterceptingExecutableInvoker.java:93)\n\tat org.junit.jupiter.engine.execution.InvocationInterceptorChain$InterceptedInvocation.proceed(InvocationInterceptorChain.java:106)\n\tat org.junit.jupiter.engine.execution.InvocationInterceptorChain.proceed(InvocationInterceptorChain.java:64)\n\tat org.junit.jupiter.engine.execution.InvocationInterceptorChain.chainAndInvoke(InvocationInterceptorChain.java:45)\n\tat org.junit.jupiter.engine.execution.InvocationInterceptorChain.invoke(InvocationInterceptorChain.java:37)\n\tat org.junit.jupiter.engine.execution.InterceptingExecutableInvoker.invoke(InterceptingExecutableInvoker.java:92)\n\tat org.junit.jupiter.engine.execution.InterceptingExecutableInvoker.invoke(InterceptingExecutableInvoker.java:86)\n\tat org.junit.jupiter.engine.descriptor.TestMethodTestDescriptor.lambda$invokeTestMethod$7(TestMethodTestDescriptor.java:218)\n\tat org.junit.platform.engine.support.hierarchical.ThrowableCollector.execute(ThrowableCollector.java:73)\n\tat org.junit.jupiter.engine.descriptor.TestMethodTestDescriptor.invokeTestMethod(TestMethodTestDescriptor.java:214)\n\tat org.junit.jupiter.engine.descriptor.TestMethodTestDescriptor.execute(TestMethodTestDescriptor.java:139)\n\tat org.junit.jupiter.engine.descriptor.TestMethodTestDescriptor.execute(TestMethodTestDescriptor.java:69)\n\tat org.junit.platform.engine.support.hierarchical.NodeTestTask.lambda$executeRecursively$6(NodeTestTask.java:151)\n\tat org.junit.platform.engine.support.hierarchical.ThrowableCollector.execute(ThrowableCollector.java:73)\n\tat org.junit.platform.engine.support.hierarchical.NodeTestTask.lambda$executeRecursively$8(NodeTestTask.java:141)\n\tat org.junit.platform.engine.support.hierarchical.Node.around(Node.java:137)\n\tat org.junit.platform.engine.support.hierarchical.NodeTestTask.lambda$executeRecursively$9(NodeTestTask.java:139)\n\tat org.junit.platform.engine.support.hierarchical.ThrowableCollector.execute(ThrowableCollector.java:73)\n\tat org.junit.platform.engine.support.hierarchical.NodeTestTask.executeRecursively(NodeTestTask.java:138)\n\tat org.junit.platform.engine.support.hierarchical.NodeTestTask.execute(NodeTestTask.java:95)\n\tat org.junit.platform.engine.support.hierarchical.ForkJoinPoolHierarchicalTestExecutorService$ExclusiveTask.compute(ForkJoinPoolHierarchicalTestExecutorService.java:202)\n\tat java.base/java.util.concurrent.RecursiveAction.exec(RecursiveAction.java:194)\n\tat java.base/java.util.concurrent.ForkJoinTask.doExec(ForkJoinTask.java:387)\n\tat java.base/java.util.concurrent.ForkJoinPool.helpJoin(ForkJoinPool.java:2076)\n\tat java.base/java.util.concurrent.ForkJoinTask.awaitDone(ForkJoinTask.java:423)\n\tat java.base/java.util.concurrent.ForkJoinTask.get(ForkJoinTask.java:991)\n\tat org.junit.platform.engine.support.hierarchical.NodeTestTask$DefaultDynamicTestExecutor.awaitFinished(NodeTestTask.java:236)\n\tat org.junit.platform.engine.support.hierarchical.ThrowableCollector.execute(ThrowableCollector.java:73)\n\tat org.junit.platform.engine.support.hierarchical.NodeTestTask.lambda$executeRecursively$6(NodeTestTask.java:158)\n\tat org.junit.platform.engine.support.hierarchical.ThrowableCollector.execute(ThrowableCollector.java:73)\n\tat org.junit.platform.engine.support.hierarchical.NodeTestTask.lambda$executeRecursively$8(NodeTestTask.java:141)\n\tat org.junit.platform.engine.support.hierarchical.Node.around(Node.java:137)\n\tat org.junit.platform.engine.support.hierarchical.NodeTestTask.lambda$executeRecursively$9(NodeTestTask.java:139)\n\tat org.junit.platform.engine.support.hierarchical.ThrowableCollector.execute(ThrowableCollector.java:73)\n\tat org.junit.platform.engine.support.hierarchical.NodeTestTask.executeRecursively(NodeTestTask.java:138)\n\tat org.junit.platform.engine.support.hierarchical.NodeTestTask.execute(NodeTestTask.java:95)\n\tat org.junit.platform.engine.support.hierarchical.ForkJoinPoolHierarchicalTestExecutorService$ExclusiveTask.compute(ForkJoinPoolHierarchicalTestExecutorService.java:202)\n\tat java.base/java.util.concurrent.RecursiveAction.exec(RecursiveAction.java:194)\n\tat java.base/java.util.concurrent.ForkJoinTask.doExec(ForkJoinTask.java:387)\n\tat java.base/java.util.concurrent.ForkJoinPool$WorkQueue.topLevelExec(ForkJoinPool.java:1312)\n\tat java.base/java.util.concurrent.ForkJoinPool.scan(ForkJoinPool.java:1843)\n\tat java.base/java.util.concurrent.ForkJoinPool.runWorker(ForkJoinPool.java:1808)\n\tat java.base/java.util.concurrent.ForkJoinWorkerThread.run(ForkJoinWorkerThread.java:188)\n","steps":[],"attachments":[{"uid":"31763809a75ef92b","name":"Request","source":"31763809a75ef92b.html","type":"text/html","size":883},{"uid":"269632e1969a270c","name":"HTTP/1.1 200 ","source":"269632e1969a270c.html","type":"text/html","size":1120}],"parameters":[],"shouldDisplayMessage":true,"stepsCount":0,"attachmentsCount":2,"hasContent":true}],"attachments":[],"parameters":[],"shouldDisplayMessage":false,"stepsCount":5,"attachmentsCount":8,"hasContent":true},"afterStages":[],"labels":[{"name":"junit.platform.uniqueid","value":"[engine:junit-jupiter]/[class:api.DepositMoneyApiTest]/[test-template:userCannotDepositMoney(java.lang.Float, java.lang.String)]/[test-template-invocation:#3]"},{"name":"host","value":"runnervmwhb2z"},{"name":"thread","value":"3635@runnervmwhb2z.ForkJoinPool-1-worker-7(51)"},{"name":"framework","value":"junit-platform"},{"name":"language","value":"java"},{"name":"package","value":"api.DepositMoneyApiTest"},{"name":"testClass","value":"api.DepositMoneyApiTest"},{"name":"testMethod","value":"userCannotDepositMoney"},{"name":"suite","value":"api.DepositMoneyApiTest"},{"name":"resultFormat","value":"allure2"}],"parameters":[],"links":[],"hidden":false,"retry":false,"extra":{"severity":"normal","retries":[],"categories":[{"name":"Product defects","matchedStatuses":[],"flaky":false}],"history":{"statistic":{"failed":4,"broken":0,"skipped":0,"passed":3,"unknown":0,"total":7},"items":[{"uid":"7e53aff0167022eb","reportUrl":"https://01Yura.github.io/nbank-for-docker/182//#testresult/7e53aff0167022eb","status":"failed","statusDetails":"2 expectations failed.\nExpected status code <400> but was <200>.\n\nResponse body doesn't match expectation.\nExpected: \"Deposit amount exceeds the 5000 limit\"\n  Actual: {\"id\":14,\"accountNumber\":\"ACC14\",\"balance\":5000.01,\"transactions\":[{\"id\":13,\"amount\":5000.01,\"type\":\"DEPOSIT\",\"timestamp\":\"Sun Oct 12 21:13:46 UTC 2025\",\"relatedAccountId\":14}]}\n","time":{"start":1760303623982,"stop":1760303626319,"duration":2337}},{"uid":"f6755c21004ed348","reportUrl":"https://01Yura.github.io/nbank-for-docker/181//#testresult/f6755c21004ed348","status":"passed","time":{"start":1760303076864,"stop":1760303079664,"duration":2800}},{"uid":"baf3189617a73cfb","reportUrl":"https://01Yura.github.io/nbank-for-docker/180//#testresult/baf3189617a73cfb","status":"passed","time":{"start":1760302619883,"stop":1760302622668,"duration":2785}},{"uid":"4cb6ea3be085020a","reportUrl":"https://01Yura.github.io/nbank-for-docker/179//#testresult/4cb6ea3be085020a","status":"failed","statusDetails":"2 expectations failed.\nExpected status code <400> but was <200>.\n\nResponse body doesn't match expectation.\nExpected: \"Deposit amount exceeds the 5000 limit\"\n  Actual: {\"id\":15,\"accountNumber\":\"ACC15\",\"balance\":5000.01,\"transactions\":[{\"id\":14,\"amount\":5000.01,\"type\":\"DEPOSIT\",\"timestamp\":\"Sun Oct 12 20:54:08 UTC 2025\",\"relatedAccountId\":15}]}\n","time":{"start":1760302445805,"stop":1760302448216,"duration":2411}},{"uid":"481d83980da1ebbf","reportUrl":"https://01Yura.github.io/nbank-for-docker/178//#testresult/481d83980da1ebbf","status":"passed","time":{"start":1760301619310,"stop":1760301623410,"duration":4100}},{"uid":"8b61796ff323e3e5","reportUrl":"https://01Yura.github.io/nbank-for-docker/177//#testresult/8b61796ff323e3e5","status":"failed","statusDetails":"1 expectation failed.\nResponse body doesn't match expectation.\nExpected: \"Deposit amount exceeds the 5000 limit\"\n  Actual: Deposit amount cannot exceed 5000\n","time":{"start":1760301107873,"stop":1760301109104,"duration":1231}}]},"tags":[]},"source":"5693070909efcebe.json","parameterValues":[]}