{"uid":"54ac041b6062738","name":"userCannotDepositMoney(Float, String) [1] -0.01, Invalid account or amount","fullName":"api.DepositMoneyApiTest.userCannotDepositMoney","historyId":"e7e56ea7196a94a9338222996a1ad909","time":{"start":1760282907401,"stop":1760282909618,"duration":2217},"description":"","status":"failed","statusMessage":"1 expectation failed.\nResponse body doesn't match expectation.\nExpected: \"Invalid account or amount\"\n  Actual: Deposit amount must be at least 0.01\n","statusTrace":"java.lang.AssertionError: 1 expectation failed.\nResponse body doesn't match expectation.\nExpected: \"Invalid account or amount\"\n  Actual: Deposit amount must be at least 0.01\n\n\tat java.base/jdk.internal.reflect.DirectConstructorHandleAccessor.newInstance(DirectConstructorHandleAccessor.java:62)\n\tat java.base/java.lang.reflect.Constructor.newInstanceWithCaller(Constructor.java:502)\n\tat java.base/java.lang.reflect.Constructor.newInstance(Constructor.java:486)\n\tat org.codehaus.groovy.reflection.CachedConstructor.invoke(CachedConstructor.java:73)\n\tat org.codehaus.groovy.runtime.callsite.ConstructorSite$ConstructorSiteNoUnwrapNoCoerce.callConstructor(ConstructorSite.java:108)\n\tat org.codehaus.groovy.runtime.callsite.AbstractCallSite.callConstructor(AbstractCallSite.java:277)\n\tat io.restassured.internal.ResponseSpecificationImpl$HamcrestAssertionClosure.validate(ResponseSpecificationImpl.groovy:512)\n\tat io.restassured.internal.ResponseSpecificationImpl$HamcrestAssertionClosure$validate$3.call(Unknown Source)\n\tat io.restassured.internal.ResponseSpecificationImpl.validate(ResponseSpecificationImpl.groovy:101)\n\tat io.restassured.internal.ValidatableResponseOptionsImpl.spec(ValidatableResponseOptionsImpl.java:288)\n\tat api.requests.skeleton.requesters.CrudRequester.lambda$post$0(CrudRequester.java:72)\n\tat common.helper.StepLogger.lambda$log$0(StepLogger.java:17)\n\tat io.qameta.allure.Allure.lambda$step$1(Allure.java:127)\n\tat io.qameta.allure.Allure.step(Allure.java:181)\n\tat io.qameta.allure.Allure.step(Allure.java:125)\n\tat common.helper.StepLogger.log(StepLogger.java:17)\n\tat api.requests.skeleton.requesters.CrudRequester.post(CrudRequester.java:62)\n\tat api.DepositMoneyApiTest.userCannotDepositMoney(DepositMoneyApiTest.java:109)\n\tat java.base/java.lang.reflect.Method.invoke(Method.java:580)\n\tat java.base/java.util.concurrent.RecursiveAction.exec(RecursiveAction.java:194)\n\tat java.base/java.util.concurrent.ForkJoinTask.doExec(ForkJoinTask.java:387)\n\tat java.base/java.util.concurrent.ForkJoinPool$WorkQueue.topLevelExec(ForkJoinPool.java:1312)\n\tat java.base/java.util.concurrent.ForkJoinPool.scan(ForkJoinPool.java:1843)\n\tat java.base/java.util.concurrent.ForkJoinPool.runWorker(ForkJoinPool.java:1808)\n\tat java.base/java.util.concurrent.ForkJoinWorkerThread.run(ForkJoinWorkerThread.java:188)\n","flaky":false,"newFailed":false,"newBroken":false,"newPassed":false,"retriesCount":0,"retriesStatusChange":false,"beforeStages":[],"testStage":{"description":"","status":"failed","statusMessage":"1 expectation failed.\nResponse body doesn't match expectation.\nExpected: \"Invalid account or amount\"\n  Actual: Deposit amount must be at least 0.01\n","statusTrace":"java.lang.AssertionError: 1 expectation failed.\nResponse body doesn't match expectation.\nExpected: \"Invalid account or amount\"\n  Actual: Deposit amount must be at least 0.01\n\n\tat java.base/jdk.internal.reflect.DirectConstructorHandleAccessor.newInstance(DirectConstructorHandleAccessor.java:62)\n\tat java.base/java.lang.reflect.Constructor.newInstanceWithCaller(Constructor.java:502)\n\tat java.base/java.lang.reflect.Constructor.newInstance(Constructor.java:486)\n\tat org.codehaus.groovy.reflection.CachedConstructor.invoke(CachedConstructor.java:73)\n\tat org.codehaus.groovy.runtime.callsite.ConstructorSite$ConstructorSiteNoUnwrapNoCoerce.callConstructor(ConstructorSite.java:108)\n\tat org.codehaus.groovy.runtime.callsite.AbstractCallSite.callConstructor(AbstractCallSite.java:277)\n\tat io.restassured.internal.ResponseSpecificationImpl$HamcrestAssertionClosure.validate(ResponseSpecificationImpl.groovy:512)\n\tat io.restassured.internal.ResponseSpecificationImpl$HamcrestAssertionClosure$validate$3.call(Unknown Source)\n\tat io.restassured.internal.ResponseSpecificationImpl.validate(ResponseSpecificationImpl.groovy:101)\n\tat io.restassured.internal.ValidatableResponseOptionsImpl.spec(ValidatableResponseOptionsImpl.java:288)\n\tat api.requests.skeleton.requesters.CrudRequester.lambda$post$0(CrudRequester.java:72)\n\tat common.helper.StepLogger.lambda$log$0(StepLogger.java:17)\n\tat io.qameta.allure.Allure.lambda$step$1(Allure.java:127)\n\tat io.qameta.allure.Allure.step(Allure.java:181)\n\tat io.qameta.allure.Allure.step(Allure.java:125)\n\tat common.helper.StepLogger.log(StepLogger.java:17)\n\tat api.requests.skeleton.requesters.CrudRequester.post(CrudRequester.java:62)\n\tat api.DepositMoneyApiTest.userCannotDepositMoney(DepositMoneyApiTest.java:109)\n\tat java.base/java.lang.reflect.Method.invoke(Method.java:580)\n\tat java.base/java.util.concurrent.RecursiveAction.exec(RecursiveAction.java:194)\n\tat java.base/java.util.concurrent.ForkJoinTask.doExec(ForkJoinTask.java:387)\n\tat java.base/java.util.concurrent.ForkJoinPool$WorkQueue.topLevelExec(ForkJoinPool.java:1312)\n\tat java.base/java.util.concurrent.ForkJoinPool.scan(ForkJoinPool.java:1843)\n\tat java.base/java.util.concurrent.ForkJoinPool.runWorker(ForkJoinPool.java:1808)\n\tat java.base/java.util.concurrent.ForkJoinWorkerThread.run(ForkJoinWorkerThread.java:188)\n","steps":[{"name":"Admin creates user VMsIxefJ3","time":{"start":1760282907405,"stop":1760282908271,"duration":866},"status":"passed","steps":[{"name":"POST запрос на/admin/users","time":{"start":1760282907406,"stop":1760282908253,"duration":847},"status":"passed","steps":[],"attachments":[{"uid":"6736886af57b24a6","name":"Request","source":"6736886af57b24a6.html","type":"text/html","size":1025},{"uid":"f4108d3dadaab0c2","name":"HTTP/1.1 201 ","source":"f4108d3dadaab0c2.html","type":"text/html","size":1069}],"parameters":[],"shouldDisplayMessage":false,"stepsCount":0,"attachmentsCount":2,"hasContent":true}],"attachments":[],"parameters":[],"shouldDisplayMessage":false,"stepsCount":1,"attachmentsCount":2,"hasContent":true},{"name":"POST запрос на/auth/login","time":{"start":1760282908272,"stop":1760282908804,"duration":532},"status":"passed","steps":[],"attachments":[{"uid":"3c1a801d2e7bc6ec","name":"Request","source":"3c1a801d2e7bc6ec.html","type":"text/html","size":831},{"uid":"5f28df8260a4c87b","name":"HTTP/1.1 200 ","source":"5f28df8260a4c87b.html","type":"text/html","size":873}],"parameters":[],"shouldDisplayMessage":false,"stepsCount":0,"attachmentsCount":2,"hasContent":true},{"name":"POST запрос на/accounts","time":{"start":1760282908804,"stop":1760282909208,"duration":404},"status":"passed","steps":[],"attachments":[{"uid":"9f01925f58297a5","name":"Request","source":"9f01925f58297a5.html","type":"text/html","size":656},{"uid":"e1e1c7cc908931d","name":"HTTP/1.1 201 ","source":"e1e1c7cc908931d.html","type":"text/html","size":859}],"parameters":[],"shouldDisplayMessage":false,"stepsCount":0,"attachmentsCount":2,"hasContent":true},{"name":"POST запрос на/accounts/deposit","time":{"start":1760282909245,"stop":1760282909617,"duration":372},"status":"failed","statusMessage":"1 expectation failed.\nResponse body doesn't match expectation.\nExpected: \"Invalid account or amount\"\n  Actual: Deposit amount must be at least 0.01\n","statusTrace":"java.lang.AssertionError: 1 expectation failed.\nResponse body doesn't match expectation.\nExpected: \"Invalid account or amount\"\n  Actual: Deposit amount must be at least 0.01\n\n\tat java.base/jdk.internal.reflect.DirectConstructorHandleAccessor.newInstance(DirectConstructorHandleAccessor.java:62)\n\tat java.base/java.lang.reflect.Constructor.newInstanceWithCaller(Constructor.java:502)\n\tat java.base/java.lang.reflect.Constructor.newInstance(Constructor.java:486)\n\tat org.codehaus.groovy.reflection.CachedConstructor.invoke(CachedConstructor.java:73)\n\tat org.codehaus.groovy.runtime.callsite.ConstructorSite$ConstructorSiteNoUnwrapNoCoerce.callConstructor(ConstructorSite.java:108)\n\tat org.codehaus.groovy.runtime.callsite.AbstractCallSite.callConstructor(AbstractCallSite.java:277)\n\tat io.restassured.internal.ResponseSpecificationImpl$HamcrestAssertionClosure.validate(ResponseSpecificationImpl.groovy:512)\n\tat io.restassured.internal.ResponseSpecificationImpl$HamcrestAssertionClosure$validate$3.call(Unknown Source)\n\tat io.restassured.internal.ResponseSpecificationImpl.validate(ResponseSpecificationImpl.groovy:101)\n\tat io.restassured.internal.ValidatableResponseOptionsImpl.spec(ValidatableResponseOptionsImpl.java:288)\n\tat api.requests.skeleton.requesters.CrudRequester.lambda$post$0(CrudRequester.java:72)\n\tat common.helper.StepLogger.lambda$log$0(StepLogger.java:17)\n\tat io.qameta.allure.Allure.lambda$step$1(Allure.java:127)\n\tat io.qameta.allure.Allure.step(Allure.java:181)\n\tat io.qameta.allure.Allure.step(Allure.java:125)\n\tat common.helper.StepLogger.log(StepLogger.java:17)\n\tat api.requests.skeleton.requesters.CrudRequester.post(CrudRequester.java:62)\n\tat api.DepositMoneyApiTest.userCannotDepositMoney(DepositMoneyApiTest.java:109)\n\tat java.base/jdk.internal.reflect.DirectMethodHandleAccessor.invoke(DirectMethodHandleAccessor.java:103)\n\tat java.base/java.lang.reflect.Method.invoke(Method.java:580)\n\tat org.junit.platform.commons.util.ReflectionUtils.invokeMethod(ReflectionUtils.java:728)\n\tat org.junit.jupiter.engine.execution.MethodInvocation.proceed(MethodInvocation.java:60)\n\tat org.junit.jupiter.engine.execution.InvocationInterceptorChain$ValidatingInvocation.proceed(InvocationInterceptorChain.java:131)\n\tat org.junit.jupiter.engine.extension.TimeoutExtension.intercept(TimeoutExtension.java:156)\n\tat org.junit.jupiter.engine.extension.TimeoutExtension.interceptTestableMethod(TimeoutExtension.java:147)\n\tat org.junit.jupiter.engine.extension.TimeoutExtension.interceptTestTemplateMethod(TimeoutExtension.java:94)\n\tat org.junit.jupiter.engine.execution.InterceptingExecutableInvoker$ReflectiveInterceptorCall.lambda$ofVoidMethod$0(InterceptingExecutableInvoker.java:103)\n\tat org.junit.jupiter.engine.execution.InterceptingExecutableInvoker.lambda$invoke$0(InterceptingExecutableInvoker.java:93)\n\tat org.junit.jupiter.engine.execution.InvocationInterceptorChain$InterceptedInvocation.proceed(InvocationInterceptorChain.java:106)\n\tat org.junit.jupiter.engine.execution.InvocationInterceptorChain.proceed(InvocationInterceptorChain.java:64)\n\tat org.junit.jupiter.engine.execution.InvocationInterceptorChain.chainAndInvoke(InvocationInterceptorChain.java:45)\n\tat org.junit.jupiter.engine.execution.InvocationInterceptorChain.invoke(InvocationInterceptorChain.java:37)\n\tat org.junit.jupiter.engine.execution.InterceptingExecutableInvoker.invoke(InterceptingExecutableInvoker.java:92)\n\tat org.junit.jupiter.engine.execution.InterceptingExecutableInvoker.invoke(InterceptingExecutableInvoker.java:86)\n\tat org.junit.jupiter.engine.descriptor.TestMethodTestDescriptor.lambda$invokeTestMethod$7(TestMethodTestDescriptor.java:218)\n\tat org.junit.platform.engine.support.hierarchical.ThrowableCollector.execute(ThrowableCollector.java:73)\n\tat org.junit.jupiter.engine.descriptor.TestMethodTestDescriptor.invokeTestMethod(TestMethodTestDescriptor.java:214)\n\tat org.junit.jupiter.engine.descriptor.TestMethodTestDescriptor.execute(TestMethodTestDescriptor.java:139)\n\tat org.junit.jupiter.engine.descriptor.TestMethodTestDescriptor.execute(TestMethodTestDescriptor.java:69)\n\tat org.junit.platform.engine.support.hierarchical.NodeTestTask.lambda$executeRecursively$6(NodeTestTask.java:151)\n\tat org.junit.platform.engine.support.hierarchical.ThrowableCollector.execute(ThrowableCollector.java:73)\n\tat org.junit.platform.engine.support.hierarchical.NodeTestTask.lambda$executeRecursively$8(NodeTestTask.java:141)\n\tat org.junit.platform.engine.support.hierarchical.Node.around(Node.java:137)\n\tat org.junit.platform.engine.support.hierarchical.NodeTestTask.lambda$executeRecursively$9(NodeTestTask.java:139)\n\tat org.junit.platform.engine.support.hierarchical.ThrowableCollector.execute(ThrowableCollector.java:73)\n\tat org.junit.platform.engine.support.hierarchical.NodeTestTask.executeRecursively(NodeTestTask.java:138)\n\tat org.junit.platform.engine.support.hierarchical.NodeTestTask.execute(NodeTestTask.java:95)\n\tat org.junit.platform.engine.support.hierarchical.ForkJoinPoolHierarchicalTestExecutorService$ExclusiveTask.compute(ForkJoinPoolHierarchicalTestExecutorService.java:202)\n\tat java.base/java.util.concurrent.RecursiveAction.exec(RecursiveAction.java:194)\n\tat java.base/java.util.concurrent.ForkJoinTask.doExec(ForkJoinTask.java:387)\n\tat java.base/java.util.concurrent.ForkJoinPool$WorkQueue.topLevelExec(ForkJoinPool.java:1312)\n\tat java.base/java.util.concurrent.ForkJoinPool.scan(ForkJoinPool.java:1843)\n\tat java.base/java.util.concurrent.ForkJoinPool.runWorker(ForkJoinPool.java:1808)\n\tat java.base/java.util.concurrent.ForkJoinWorkerThread.run(ForkJoinWorkerThread.java:188)\n","steps":[],"attachments":[{"uid":"e909d94d84e3aaa","name":"Request","source":"e909d94d84e3aaa.html","type":"text/html","size":887},{"uid":"ededf1bbd2a2954f","name":"HTTP/1.1 400 ","source":"ededf1bbd2a2954f.html","type":"text/html","size":686}],"parameters":[],"shouldDisplayMessage":true,"stepsCount":0,"attachmentsCount":2,"hasContent":true}],"attachments":[],"parameters":[],"shouldDisplayMessage":false,"stepsCount":5,"attachmentsCount":8,"hasContent":true},"afterStages":[],"labels":[{"name":"junit.platform.uniqueid","value":"[engine:junit-jupiter]/[class:api.DepositMoneyApiTest]/[test-template:userCannotDepositMoney(java.lang.Float, java.lang.String)]/[test-template-invocation:#1]"},{"name":"host","value":"runnervmwhb2z"},{"name":"thread","value":"3675@runnervmwhb2z.ForkJoinPool-1-worker-7(51)"},{"name":"framework","value":"junit-platform"},{"name":"language","value":"java"},{"name":"package","value":"api.DepositMoneyApiTest"},{"name":"testClass","value":"api.DepositMoneyApiTest"},{"name":"testMethod","value":"userCannotDepositMoney"},{"name":"suite","value":"api.DepositMoneyApiTest"},{"name":"resultFormat","value":"allure2"}],"parameters":[],"links":[],"hidden":false,"retry":false,"extra":{"severity":"normal","retries":[],"categories":[{"name":"Product defects","matchedStatuses":[],"flaky":false}],"history":{"statistic":{"failed":3,"broken":3,"skipped":0,"passed":1,"unknown":0,"total":7},"items":[{"uid":"f1ebe24a12f2f632","reportUrl":"https://01Yura.github.io/nbank-for-docker/143//#testresult/f1ebe24a12f2f632","status":"failed","statusDetails":"1 expectation failed.\nResponse body doesn't match expectation.\nExpected: \"Invalid account or amount\"\n  Actual: Deposit amount must be at least 0.01\n","time":{"start":1760282122308,"stop":1760282125521,"duration":3213}},{"uid":"4c006864098067b0","reportUrl":"https://01Yura.github.io/nbank-for-docker/142//#testresult/4c006864098067b0","status":"failed","statusDetails":"1 expectation failed.\nResponse body doesn't match expectation.\nExpected: \"Invalid account or amount\"\n  Actual: Deposit amount must be at least 0.01\n","time":{"start":1760279880160,"stop":1760279882338,"duration":2178}},{"uid":"5b96d463a90d718a","reportUrl":"https://01Yura.github.io/nbank-for-docker/141//#testresult/5b96d463a90d718a","status":"passed","time":{"start":1760279608007,"stop":1760279610848,"duration":2841}},{"uid":"b696576ae64e2d1b","reportUrl":"https://01Yura.github.io/nbank-for-docker/117//#testresult/b696576ae64e2d1b","status":"broken","statusDetails":"Connection refused","time":{"start":1759539935091,"stop":1759539935150,"duration":59}},{"uid":"91c74a0d6a157244","reportUrl":"https://01Yura.github.io/nbank-for-docker/116//#testresult/91c74a0d6a157244","status":"broken","statusDetails":"Connection refused","time":{"start":1759539640460,"stop":1759539640506,"duration":46}},{"uid":"41a1d712c586db20","reportUrl":"https://01Yura.github.io/nbank-for-docker/115//#testresult/41a1d712c586db20","status":"broken","statusDetails":"Connection refused","time":{"start":1758929934554,"stop":1758929934601,"duration":47}}]},"tags":[]},"source":"54ac041b6062738.json","parameterValues":[]}