{"uid":"a6f5d7fc7715f157","name":"userCannotDepositMoney(Float, String) [3] 5000.01, Deposit amount exceeds the 5000 limit","fullName":"api.DepositMoneyApiTest.userCannotDepositMoney","historyId":"207e8455582efb776fafd29a369df8ad","time":{"start":1760287839913,"stop":1760287842370,"duration":2457},"description":"","status":"failed","statusMessage":"2 expectations failed.\nExpected status code <400> but was <200>.\n\nResponse body doesn't match expectation.\nExpected: \"Deposit amount exceeds the 5000 limit\"\n  Actual: {\"id\":15,\"accountNumber\":\"ACC15\",\"balance\":5000.01,\"transactions\":[{\"id\":14,\"amount\":5000.01,\"type\":\"DEPOSIT\",\"timestamp\":\"Sun Oct 12 16:50:42 UTC 2025\",\"relatedAccountId\":15}]}\n","statusTrace":"java.lang.AssertionError: 2 expectations failed.\nExpected status code <400> but was <200>.\n\nResponse body doesn't match expectation.\nExpected: \"Deposit amount exceeds the 5000 limit\"\n  Actual: {\"id\":15,\"accountNumber\":\"ACC15\",\"balance\":5000.01,\"transactions\":[{\"id\":14,\"amount\":5000.01,\"type\":\"DEPOSIT\",\"timestamp\":\"Sun Oct 12 16:50:42 UTC 2025\",\"relatedAccountId\":15}]}\n\n\tat java.base/jdk.internal.reflect.DirectConstructorHandleAccessor.newInstance(DirectConstructorHandleAccessor.java:62)\n\tat java.base/java.lang.reflect.Constructor.newInstanceWithCaller(Constructor.java:502)\n\tat java.base/java.lang.reflect.Constructor.newInstance(Constructor.java:486)\n\tat org.codehaus.groovy.reflection.CachedConstructor.invoke(CachedConstructor.java:73)\n\tat org.codehaus.groovy.runtime.callsite.ConstructorSite$ConstructorSiteNoUnwrapNoCoerce.callConstructor(ConstructorSite.java:108)\n\tat org.codehaus.groovy.runtime.callsite.AbstractCallSite.callConstructor(AbstractCallSite.java:277)\n\tat io.restassured.internal.ResponseSpecificationImpl$HamcrestAssertionClosure.validate(ResponseSpecificationImpl.groovy:512)\n\tat io.restassured.internal.ResponseSpecificationImpl$HamcrestAssertionClosure$validate$5.call(Unknown Source)\n\tat io.restassured.internal.ResponseSpecificationImpl.validate(ResponseSpecificationImpl.groovy:101)\n\tat io.restassured.internal.ValidatableResponseOptionsImpl.spec(ValidatableResponseOptionsImpl.java:288)\n\tat api.requests.skeleton.requesters.CrudRequester.lambda$post$0(CrudRequester.java:72)\n\tat common.helper.StepLogger.lambda$log$0(StepLogger.java:17)\n\tat io.qameta.allure.Allure.lambda$step$1(Allure.java:127)\n\tat io.qameta.allure.Allure.step(Allure.java:181)\n\tat io.qameta.allure.Allure.step(Allure.java:125)\n\tat common.helper.StepLogger.log(StepLogger.java:17)\n\tat api.requests.skeleton.requesters.CrudRequester.post(CrudRequester.java:62)\n\tat api.DepositMoneyApiTest.userCannotDepositMoney(DepositMoneyApiTest.java:109)\n\tat java.base/java.lang.reflect.Method.invoke(Method.java:580)\n\tat java.base/java.util.concurrent.RecursiveAction.exec(RecursiveAction.java:194)\n\tat java.base/java.util.concurrent.ForkJoinTask.doExec(ForkJoinTask.java:387)\n\tat java.base/java.util.concurrent.ForkJoinPool.helpJoin(ForkJoinPool.java:2076)\n\tat java.base/java.util.concurrent.ForkJoinTask.awaitDone(ForkJoinTask.java:423)\n\tat java.base/java.util.concurrent.ForkJoinTask.get(ForkJoinTask.java:991)\n\tat java.base/java.util.concurrent.RecursiveAction.exec(RecursiveAction.java:194)\n\tat java.base/java.util.concurrent.ForkJoinTask.doExec(ForkJoinTask.java:387)\n\tat java.base/java.util.concurrent.ForkJoinPool$WorkQueue.topLevelExec(ForkJoinPool.java:1312)\n\tat java.base/java.util.concurrent.ForkJoinPool.scan(ForkJoinPool.java:1843)\n\tat java.base/java.util.concurrent.ForkJoinPool.runWorker(ForkJoinPool.java:1808)\n\tat java.base/java.util.concurrent.ForkJoinWorkerThread.run(ForkJoinWorkerThread.java:188)\n","flaky":false,"newFailed":false,"newBroken":false,"newPassed":false,"retriesCount":0,"retriesStatusChange":false,"beforeStages":[],"testStage":{"description":"","status":"failed","statusMessage":"2 expectations failed.\nExpected status code <400> but was <200>.\n\nResponse body doesn't match expectation.\nExpected: \"Deposit amount exceeds the 5000 limit\"\n  Actual: {\"id\":15,\"accountNumber\":\"ACC15\",\"balance\":5000.01,\"transactions\":[{\"id\":14,\"amount\":5000.01,\"type\":\"DEPOSIT\",\"timestamp\":\"Sun Oct 12 16:50:42 UTC 2025\",\"relatedAccountId\":15}]}\n","statusTrace":"java.lang.AssertionError: 2 expectations failed.\nExpected status code <400> but was <200>.\n\nResponse body doesn't match expectation.\nExpected: \"Deposit amount exceeds the 5000 limit\"\n  Actual: {\"id\":15,\"accountNumber\":\"ACC15\",\"balance\":5000.01,\"transactions\":[{\"id\":14,\"amount\":5000.01,\"type\":\"DEPOSIT\",\"timestamp\":\"Sun Oct 12 16:50:42 UTC 2025\",\"relatedAccountId\":15}]}\n\n\tat java.base/jdk.internal.reflect.DirectConstructorHandleAccessor.newInstance(DirectConstructorHandleAccessor.java:62)\n\tat java.base/java.lang.reflect.Constructor.newInstanceWithCaller(Constructor.java:502)\n\tat java.base/java.lang.reflect.Constructor.newInstance(Constructor.java:486)\n\tat org.codehaus.groovy.reflection.CachedConstructor.invoke(CachedConstructor.java:73)\n\tat org.codehaus.groovy.runtime.callsite.ConstructorSite$ConstructorSiteNoUnwrapNoCoerce.callConstructor(ConstructorSite.java:108)\n\tat org.codehaus.groovy.runtime.callsite.AbstractCallSite.callConstructor(AbstractCallSite.java:277)\n\tat io.restassured.internal.ResponseSpecificationImpl$HamcrestAssertionClosure.validate(ResponseSpecificationImpl.groovy:512)\n\tat io.restassured.internal.ResponseSpecificationImpl$HamcrestAssertionClosure$validate$5.call(Unknown Source)\n\tat io.restassured.internal.ResponseSpecificationImpl.validate(ResponseSpecificationImpl.groovy:101)\n\tat io.restassured.internal.ValidatableResponseOptionsImpl.spec(ValidatableResponseOptionsImpl.java:288)\n\tat api.requests.skeleton.requesters.CrudRequester.lambda$post$0(CrudRequester.java:72)\n\tat common.helper.StepLogger.lambda$log$0(StepLogger.java:17)\n\tat io.qameta.allure.Allure.lambda$step$1(Allure.java:127)\n\tat io.qameta.allure.Allure.step(Allure.java:181)\n\tat io.qameta.allure.Allure.step(Allure.java:125)\n\tat common.helper.StepLogger.log(StepLogger.java:17)\n\tat api.requests.skeleton.requesters.CrudRequester.post(CrudRequester.java:62)\n\tat api.DepositMoneyApiTest.userCannotDepositMoney(DepositMoneyApiTest.java:109)\n\tat java.base/java.lang.reflect.Method.invoke(Method.java:580)\n\tat java.base/java.util.concurrent.RecursiveAction.exec(RecursiveAction.java:194)\n\tat java.base/java.util.concurrent.ForkJoinTask.doExec(ForkJoinTask.java:387)\n\tat java.base/java.util.concurrent.ForkJoinPool.helpJoin(ForkJoinPool.java:2076)\n\tat java.base/java.util.concurrent.ForkJoinTask.awaitDone(ForkJoinTask.java:423)\n\tat java.base/java.util.concurrent.ForkJoinTask.get(ForkJoinTask.java:991)\n\tat java.base/java.util.concurrent.RecursiveAction.exec(RecursiveAction.java:194)\n\tat java.base/java.util.concurrent.ForkJoinTask.doExec(ForkJoinTask.java:387)\n\tat java.base/java.util.concurrent.ForkJoinPool$WorkQueue.topLevelExec(ForkJoinPool.java:1312)\n\tat java.base/java.util.concurrent.ForkJoinPool.scan(ForkJoinPool.java:1843)\n\tat java.base/java.util.concurrent.ForkJoinPool.runWorker(ForkJoinPool.java:1808)\n\tat java.base/java.util.concurrent.ForkJoinWorkerThread.run(ForkJoinWorkerThread.java:188)\n","steps":[{"name":"Admin creates user PjEnx8Gc2VMZ","time":{"start":1760287839930,"stop":1760287840817,"duration":887},"status":"passed","steps":[{"name":"POST запрос на/admin/users","time":{"start":1760287839941,"stop":1760287840809,"duration":868},"status":"passed","steps":[],"attachments":[{"uid":"3221750e4f3a4e96","name":"Request","source":"3221750e4f3a4e96.html","type":"text/html","size":1017},{"uid":"5a81ba56c4b46b4b","name":"HTTP/1.1 201 ","source":"5a81ba56c4b46b4b.html","type":"text/html","size":1072}],"parameters":[],"shouldDisplayMessage":false,"stepsCount":0,"attachmentsCount":2,"hasContent":true}],"attachments":[],"parameters":[],"shouldDisplayMessage":false,"stepsCount":1,"attachmentsCount":2,"hasContent":true},{"name":"POST запрос на/auth/login","time":{"start":1760287840818,"stop":1760287841317,"duration":499},"status":"passed","steps":[],"attachments":[{"uid":"2c54b4a76975e92e","name":"Request","source":"2c54b4a76975e92e.html","type":"text/html","size":823},{"uid":"aee4c933bb9e1dac","name":"HTTP/1.1 200 ","source":"aee4c933bb9e1dac.html","type":"text/html","size":876}],"parameters":[],"shouldDisplayMessage":false,"stepsCount":0,"attachmentsCount":2,"hasContent":true},{"name":"POST запрос на/accounts","time":{"start":1760287841332,"stop":1760287841923,"duration":591},"status":"passed","steps":[],"attachments":[{"uid":"b279ce4cf59a042","name":"Request","source":"b279ce4cf59a042.html","type":"text/html","size":656},{"uid":"2318c2cdf47e0696","name":"HTTP/1.1 201 ","source":"2318c2cdf47e0696.html","type":"text/html","size":859}],"parameters":[],"shouldDisplayMessage":false,"stepsCount":0,"attachmentsCount":2,"hasContent":true},{"name":"POST запрос на/accounts/deposit","time":{"start":1760287841933,"stop":1760287842369,"duration":436},"status":"failed","statusMessage":"2 expectations failed.\nExpected status code <400> but was <200>.\n\nResponse body doesn't match expectation.\nExpected: \"Deposit amount exceeds the 5000 limit\"\n  Actual: {\"id\":15,\"accountNumber\":\"ACC15\",\"balance\":5000.01,\"transactions\":[{\"id\":14,\"amount\":5000.01,\"type\":\"DEPOSIT\",\"timestamp\":\"Sun Oct 12 16:50:42 UTC 2025\",\"relatedAccountId\":15}]}\n","statusTrace":"java.lang.AssertionError: 2 expectations failed.\nExpected status code <400> but was <200>.\n\nResponse body doesn't match expectation.\nExpected: \"Deposit amount exceeds the 5000 limit\"\n  Actual: {\"id\":15,\"accountNumber\":\"ACC15\",\"balance\":5000.01,\"transactions\":[{\"id\":14,\"amount\":5000.01,\"type\":\"DEPOSIT\",\"timestamp\":\"Sun Oct 12 16:50:42 UTC 2025\",\"relatedAccountId\":15}]}\n\n\tat java.base/jdk.internal.reflect.DirectConstructorHandleAccessor.newInstance(DirectConstructorHandleAccessor.java:62)\n\tat java.base/java.lang.reflect.Constructor.newInstanceWithCaller(Constructor.java:502)\n\tat java.base/java.lang.reflect.Constructor.newInstance(Constructor.java:486)\n\tat org.codehaus.groovy.reflection.CachedConstructor.invoke(CachedConstructor.java:73)\n\tat org.codehaus.groovy.runtime.callsite.ConstructorSite$ConstructorSiteNoUnwrapNoCoerce.callConstructor(ConstructorSite.java:108)\n\tat org.codehaus.groovy.runtime.callsite.AbstractCallSite.callConstructor(AbstractCallSite.java:277)\n\tat io.restassured.internal.ResponseSpecificationImpl$HamcrestAssertionClosure.validate(ResponseSpecificationImpl.groovy:512)\n\tat io.restassured.internal.ResponseSpecificationImpl$HamcrestAssertionClosure$validate$5.call(Unknown Source)\n\tat io.restassured.internal.ResponseSpecificationImpl.validate(ResponseSpecificationImpl.groovy:101)\n\tat io.restassured.internal.ValidatableResponseOptionsImpl.spec(ValidatableResponseOptionsImpl.java:288)\n\tat api.requests.skeleton.requesters.CrudRequester.lambda$post$0(CrudRequester.java:72)\n\tat common.helper.StepLogger.lambda$log$0(StepLogger.java:17)\n\tat io.qameta.allure.Allure.lambda$step$1(Allure.java:127)\n\tat io.qameta.allure.Allure.step(Allure.java:181)\n\tat io.qameta.allure.Allure.step(Allure.java:125)\n\tat common.helper.StepLogger.log(StepLogger.java:17)\n\tat api.requests.skeleton.requesters.CrudRequester.post(CrudRequester.java:62)\n\tat api.DepositMoneyApiTest.userCannotDepositMoney(DepositMoneyApiTest.java:109)\n\tat java.base/jdk.internal.reflect.DirectMethodHandleAccessor.invoke(DirectMethodHandleAccessor.java:103)\n\tat java.base/java.lang.reflect.Method.invoke(Method.java:580)\n\tat org.junit.platform.commons.util.ReflectionUtils.invokeMethod(ReflectionUtils.java:728)\n\tat org.junit.jupiter.engine.execution.MethodInvocation.proceed(MethodInvocation.java:60)\n\tat org.junit.jupiter.engine.execution.InvocationInterceptorChain$ValidatingInvocation.proceed(InvocationInterceptorChain.java:131)\n\tat org.junit.jupiter.engine.extension.TimeoutExtension.intercept(TimeoutExtension.java:156)\n\tat org.junit.jupiter.engine.extension.TimeoutExtension.interceptTestableMethod(TimeoutExtension.java:147)\n\tat org.junit.jupiter.engine.extension.TimeoutExtension.interceptTestTemplateMethod(TimeoutExtension.java:94)\n\tat org.junit.jupiter.engine.execution.InterceptingExecutableInvoker$ReflectiveInterceptorCall.lambda$ofVoidMethod$0(InterceptingExecutableInvoker.java:103)\n\tat org.junit.jupiter.engine.execution.InterceptingExecutableInvoker.lambda$invoke$0(InterceptingExecutableInvoker.java:93)\n\tat org.junit.jupiter.engine.execution.InvocationInterceptorChain$InterceptedInvocation.proceed(InvocationInterceptorChain.java:106)\n\tat org.junit.jupiter.engine.execution.InvocationInterceptorChain.proceed(InvocationInterceptorChain.java:64)\n\tat org.junit.jupiter.engine.execution.InvocationInterceptorChain.chainAndInvoke(InvocationInterceptorChain.java:45)\n\tat org.junit.jupiter.engine.execution.InvocationInterceptorChain.invoke(InvocationInterceptorChain.java:37)\n\tat org.junit.jupiter.engine.execution.InterceptingExecutableInvoker.invoke(InterceptingExecutableInvoker.java:92)\n\tat org.junit.jupiter.engine.execution.InterceptingExecutableInvoker.invoke(InterceptingExecutableInvoker.java:86)\n\tat org.junit.jupiter.engine.descriptor.TestMethodTestDescriptor.lambda$invokeTestMethod$7(TestMethodTestDescriptor.java:218)\n\tat org.junit.platform.engine.support.hierarchical.ThrowableCollector.execute(ThrowableCollector.java:73)\n\tat org.junit.jupiter.engine.descriptor.TestMethodTestDescriptor.invokeTestMethod(TestMethodTestDescriptor.java:214)\n\tat org.junit.jupiter.engine.descriptor.TestMethodTestDescriptor.execute(TestMethodTestDescriptor.java:139)\n\tat org.junit.jupiter.engine.descriptor.TestMethodTestDescriptor.execute(TestMethodTestDescriptor.java:69)\n\tat org.junit.platform.engine.support.hierarchical.NodeTestTask.lambda$executeRecursively$6(NodeTestTask.java:151)\n\tat org.junit.platform.engine.support.hierarchical.ThrowableCollector.execute(ThrowableCollector.java:73)\n\tat org.junit.platform.engine.support.hierarchical.NodeTestTask.lambda$executeRecursively$8(NodeTestTask.java:141)\n\tat org.junit.platform.engine.support.hierarchical.Node.around(Node.java:137)\n\tat org.junit.platform.engine.support.hierarchical.NodeTestTask.lambda$executeRecursively$9(NodeTestTask.java:139)\n\tat org.junit.platform.engine.support.hierarchical.ThrowableCollector.execute(ThrowableCollector.java:73)\n\tat org.junit.platform.engine.support.hierarchical.NodeTestTask.executeRecursively(NodeTestTask.java:138)\n\tat org.junit.platform.engine.support.hierarchical.NodeTestTask.execute(NodeTestTask.java:95)\n\tat org.junit.platform.engine.support.hierarchical.ForkJoinPoolHierarchicalTestExecutorService$ExclusiveTask.compute(ForkJoinPoolHierarchicalTestExecutorService.java:202)\n\tat java.base/java.util.concurrent.RecursiveAction.exec(RecursiveAction.java:194)\n\tat java.base/java.util.concurrent.ForkJoinTask.doExec(ForkJoinTask.java:387)\n\tat java.base/java.util.concurrent.ForkJoinPool.helpJoin(ForkJoinPool.java:2076)\n\tat java.base/java.util.concurrent.ForkJoinTask.awaitDone(ForkJoinTask.java:423)\n\tat java.base/java.util.concurrent.ForkJoinTask.get(ForkJoinTask.java:991)\n\tat org.junit.platform.engine.support.hierarchical.NodeTestTask$DefaultDynamicTestExecutor.awaitFinished(NodeTestTask.java:236)\n\tat org.junit.platform.engine.support.hierarchical.ThrowableCollector.execute(ThrowableCollector.java:73)\n\tat org.junit.platform.engine.support.hierarchical.NodeTestTask.lambda$executeRecursively$6(NodeTestTask.java:158)\n\tat org.junit.platform.engine.support.hierarchical.ThrowableCollector.execute(ThrowableCollector.java:73)\n\tat org.junit.platform.engine.support.hierarchical.NodeTestTask.lambda$executeRecursively$8(NodeTestTask.java:141)\n\tat org.junit.platform.engine.support.hierarchical.Node.around(Node.java:137)\n\tat org.junit.platform.engine.support.hierarchical.NodeTestTask.lambda$executeRecursively$9(NodeTestTask.java:139)\n\tat org.junit.platform.engine.support.hierarchical.ThrowableCollector.execute(ThrowableCollector.java:73)\n\tat org.junit.platform.engine.support.hierarchical.NodeTestTask.executeRecursively(NodeTestTask.java:138)\n\tat org.junit.platform.engine.support.hierarchical.NodeTestTask.execute(NodeTestTask.java:95)\n\tat org.junit.platform.engine.support.hierarchical.ForkJoinPoolHierarchicalTestExecutorService$ExclusiveTask.compute(ForkJoinPoolHierarchicalTestExecutorService.java:202)\n\tat java.base/java.util.concurrent.RecursiveAction.exec(RecursiveAction.java:194)\n\tat java.base/java.util.concurrent.ForkJoinTask.doExec(ForkJoinTask.java:387)\n\tat java.base/java.util.concurrent.ForkJoinPool$WorkQueue.topLevelExec(ForkJoinPool.java:1312)\n\tat java.base/java.util.concurrent.ForkJoinPool.scan(ForkJoinPool.java:1843)\n\tat java.base/java.util.concurrent.ForkJoinPool.runWorker(ForkJoinPool.java:1808)\n\tat java.base/java.util.concurrent.ForkJoinWorkerThread.run(ForkJoinWorkerThread.java:188)\n","steps":[],"attachments":[{"uid":"eff56577a75adb02","name":"Request","source":"eff56577a75adb02.html","type":"text/html","size":891},{"uid":"3c8a13a5b2d25534","name":"HTTP/1.1 200 ","source":"3c8a13a5b2d25534.html","type":"text/html","size":1120}],"parameters":[],"shouldDisplayMessage":true,"stepsCount":0,"attachmentsCount":2,"hasContent":true}],"attachments":[],"parameters":[],"shouldDisplayMessage":false,"stepsCount":5,"attachmentsCount":8,"hasContent":true},"afterStages":[],"labels":[{"name":"junit.platform.uniqueid","value":"[engine:junit-jupiter]/[class:api.DepositMoneyApiTest]/[test-template:userCannotDepositMoney(java.lang.Float, java.lang.String)]/[test-template-invocation:#3]"},{"name":"host","value":"runnervmwhb2z"},{"name":"thread","value":"3691@runnervmwhb2z.ForkJoinPool-1-worker-7(51)"},{"name":"framework","value":"junit-platform"},{"name":"language","value":"java"},{"name":"package","value":"api.DepositMoneyApiTest"},{"name":"testClass","value":"api.DepositMoneyApiTest"},{"name":"testMethod","value":"userCannotDepositMoney"},{"name":"suite","value":"api.DepositMoneyApiTest"},{"name":"resultFormat","value":"allure2"}],"parameters":[],"links":[],"hidden":false,"retry":false,"extra":{"severity":"normal","retries":[],"categories":[{"name":"Product defects","matchedStatuses":[],"flaky":false}],"history":{"statistic":{"failed":4,"broken":0,"skipped":0,"passed":0,"unknown":0,"total":4},"items":[{"uid":"53eaf70cd1901231","reportUrl":"https://01Yura.github.io/nbank-for-docker/158//#testresult/53eaf70cd1901231","status":"failed","statusDetails":"2 expectations failed.\nExpected status code <400> but was <200>.\n\nResponse body doesn't match expectation.\nExpected: \"Deposit amount exceeds the 5000 limit\"\n  Actual: {\"id\":14,\"accountNumber\":\"ACC14\",\"balance\":5000.01,\"transactions\":[{\"id\":14,\"amount\":5000.01,\"type\":\"DEPOSIT\",\"timestamp\":\"Sun Oct 12 16:46:12 UTC 2025\",\"relatedAccountId\":14}]}\n","time":{"start":1760287571413,"stop":1760287572987,"duration":1574}},{"uid":"9b2027080866571c","reportUrl":"https://01Yura.github.io/nbank-for-docker/157//#testresult/9b2027080866571c","status":"failed","statusDetails":"2 expectations failed.\nExpected status code <400> but was <200>.\n\nResponse body doesn't match expectation.\nExpected: \"Deposit amount exceeds the 5000 limit\"\n  Actual: {\"id\":16,\"accountNumber\":\"ACC16\",\"balance\":5000.01,\"transactions\":[{\"id\":16,\"amount\":5000.01,\"type\":\"DEPOSIT\",\"timestamp\":\"Sun Oct 12 16:42:22 UTC 2025\",\"relatedAccountId\":16}]}\n","time":{"start":1760287340087,"stop":1760287342864,"duration":2777}},{"uid":"2f82f06bccdf70f","reportUrl":"https://01Yura.github.io/nbank-for-docker/156//#testresult/2f82f06bccdf70f","status":"failed","statusDetails":"2 expectations failed.\nExpected status code <400> but was <200>.\n\nResponse body doesn't match expectation.\nExpected: \"Deposit amount exceeds the 5000 limit\"\n  Actual: {\"id\":15,\"accountNumber\":\"ACC15\",\"balance\":5000.01,\"transactions\":[{\"id\":14,\"amount\":5000.01,\"type\":\"DEPOSIT\",\"timestamp\":\"Sun Oct 12 16:34:39 UTC 2025\",\"relatedAccountId\":15}]}\n","time":{"start":1760286877041,"stop":1760286879304,"duration":2263}}]},"tags":[]},"source":"a6f5d7fc7715f157.json","parameterValues":[]}